
15:43:57.843 [main] INFO  de.htwg.se.Chess.aview.Tui - Chess from Tom Georgi and Lukas Rohloff

15:43:57.854 [main] INFO  de.htwg.se.Chess.aview.Tui - Input format: column - row - new column - new row

15:43:57.854 [main] INFO  de.htwg.se.Chess.aview.Tui - column: from A to H

15:43:57.854 [main] INFO  de.htwg.se.Chess.aview.Tui - Row: from 1 to 8

15:43:57.854 [main] INFO  de.htwg.se.Chess.aview.Tui - For More Information type help

15:43:57.912 [main] INFO  de.htwg.se.Chess.aview.Tui - 

    A   B   C   D   E   F   G   H
  |---+---+---+---+---+---+---+---|
8 | ♜ | ♞ | ♝ | ♛ | ♚ | ♝ | ♞ | ♜ |
  |---+---+---+---+---+---+---+---|
7 | ♟ | ♟ | ♟ | ♟ | ♟ | ♟ | ♟ | ♟ |
  |---+---+---+---+---+---+---+---|
6 |   |   |   |   |   |   |   |   |
  |---+---+---+---+---+---+---+---|
5 |   |   |   |   |   |   |   |   |
  |---+---+---+---+---+---+---+---|
4 |   |   |   |   |   |   |   |   |
  |---+---+---+---+---+---+---+---|
3 |   |   |   |   |   |   |   |   |
  |---+---+---+---+---+---+---+---|
2 | ♙ | ♙ | ♙ | ♙ | ♙ | ♙ | ♙ | ♙ |
  |---+---+---+---+---+---+---+---|
1 | ♖ | ♘ | ♗ | ♕ | ♔ | ♗ | ♘ | ♖ |
  |---+---+---+---+---+---+---+---|


15:43:57.915 [main] INFO  de.htwg.se.Chess.aview.Tui - 
Player 1

15:44:38.895 [main] INFO  de.htwg.se.Chess.aview.Tui - Chess from Tom Georgi and Lukas Rohloff

15:44:38.899 [main] INFO  de.htwg.se.Chess.aview.Tui - Input format: column - row - new column - new row

15:44:38.899 [main] INFO  de.htwg.se.Chess.aview.Tui - column: from A to H

15:44:38.899 [main] INFO  de.htwg.se.Chess.aview.Tui - Row: from 1 to 8

15:44:38.900 [main] INFO  de.htwg.se.Chess.aview.Tui - For More Information type help

15:44:42.535 [main] INFO  de.htwg.se.Chess.aview.Tui - 

    A   B   C   D   E   F   G   H
  |---+---+---+---+---+---+---+---|
8 | ♜ | ♞ | ♝ | ♛ | ♚ | ♝ | ♞ | ♜ |
  |---+---+---+---+---+---+---+---|
7 | ♟ | ♟ | ♟ | ♟ | ♟ | ♟ | ♟ | ♟ |
  |---+---+---+---+---+---+---+---|
6 |   |   |   |   |   |   |   |   |
  |---+---+---+---+---+---+---+---|
5 |   |   |   |   |   |   |   |   |
  |---+---+---+---+---+---+---+---|
4 |   |   |   |   |   |   |   |   |
  |---+---+---+---+---+---+---+---|
3 |   |   |   |   |   |   |   |   |
  |---+---+---+---+---+---+---+---|
2 | ♙ | ♙ | ♙ | ♙ | ♙ | ♙ | ♙ | ♙ |
  |---+---+---+---+---+---+---+---|
1 | ♖ | ♘ | ♗ | ♕ | ♔ | ♗ | ♘ | ♖ |
  |---+---+---+---+---+---+---+---|


15:44:42.536 [main] INFO  de.htwg.se.Chess.aview.Tui - 
Player 1

15:44:46.543 [AWT-EventQueue-0] INFO  de.htwg.se.Chess.aview.Tui - 

    A   B   C   D   E   F   G   H
  |---+---+---+---+---+---+---+---|
8 | ♜ | ♞ | ♝ | ♛ | ♚ | ♝ | ♞ | ♜ |
  |---+---+---+---+---+---+---+---|
7 | ♟ | ♟ | ♟ | ♟ | ♟ | ♟ | ♟ | ♟ |
  |---+---+---+---+---+---+---+---|
6 |   |   |   |   |   |   |   |   |
  |---+---+---+---+---+---+---+---|
5 |   |   |   |   |   |   |   |   |
  |---+---+---+---+---+---+---+---|
4 |   |   |   | ♙ |   |   |   |   |
  |---+---+---+---+---+---+---+---|
3 |   |   |   |   |   |   |   |   |
  |---+---+---+---+---+---+---+---|
2 | ♙ | ♙ | ♙ |   | ♙ | ♙ | ♙ | ♙ |
  |---+---+---+---+---+---+---+---|
1 | ♖ | ♘ | ♗ | ♕ | ♔ | ♗ | ♘ | ♖ |
  |---+---+---+---+---+---+---+---|


15:44:46.543 [AWT-EventQueue-0] INFO  de.htwg.se.Chess.aview.Tui - 
Player 2 is at turn

15:44:48.179 [AWT-EventQueue-0] INFO  de.htwg.se.Chess.aview.Tui - 

    A   B   C   D   E   F   G   H
  |---+---+---+---+---+---+---+---|
8 | ♜ | ♞ | ♝ | ♛ | ♚ | ♝ | ♞ | ♜ |
  |---+---+---+---+---+---+---+---|
7 | ♟ | ♟ |   | ♟ | ♟ | ♟ | ♟ | ♟ |
  |---+---+---+---+---+---+---+---|
6 |   |   |   |   |   |   |   |   |
  |---+---+---+---+---+---+---+---|
5 |   |   | ♟ |   |   |   |   |   |
  |---+---+---+---+---+---+---+---|
4 |   |   |   | ♙ |   |   |   |   |
  |---+---+---+---+---+---+---+---|
3 |   |   |   |   |   |   |   |   |
  |---+---+---+---+---+---+---+---|
2 | ♙ | ♙ | ♙ |   | ♙ | ♙ | ♙ | ♙ |
  |---+---+---+---+---+---+---+---|
1 | ♖ | ♘ | ♗ | ♕ | ♔ | ♗ | ♘ | ♖ |
  |---+---+---+---+---+---+---+---|


15:44:48.179 [AWT-EventQueue-0] INFO  de.htwg.se.Chess.aview.Tui - 
Player 1 is at turn

15:44:49.127 [AWT-EventQueue-0] INFO  de.htwg.se.Chess.aview.Tui - 

    A   B   C   D   E   F   G   H
  |---+---+---+---+---+---+---+---|
8 | ♜ | ♞ | ♝ | ♛ | ♚ | ♝ | ♞ | ♜ |
  |---+---+---+---+---+---+---+---|
7 | ♟ | ♟ |   | ♟ | ♟ | ♟ | ♟ | ♟ |
  |---+---+---+---+---+---+---+---|
6 |   |   |   |   |   |   |   |   |
  |---+---+---+---+---+---+---+---|
5 |   |   | ♙ |   |   |   |   |   |
  |---+---+---+---+---+---+---+---|
4 |   |   |   |   |   |   |   |   |
  |---+---+---+---+---+---+---+---|
3 |   |   |   |   |   |   |   |   |
  |---+---+---+---+---+---+---+---|
2 | ♙ | ♙ | ♙ |   | ♙ | ♙ | ♙ | ♙ |
  |---+---+---+---+---+---+---+---|
1 | ♖ | ♘ | ♗ | ♕ | ♔ | ♗ | ♘ | ♖ |
  |---+---+---+---+---+---+---+---|


15:44:49.128 [AWT-EventQueue-0] INFO  de.htwg.se.Chess.aview.Tui - 
Player 2 is at turn

15:44:53.168 [AWT-EventQueue-0] INFO  de.htwg.se.Chess.aview.Tui - 

    A   B   C   D   E   F   G   H
  |---+---+---+---+---+---+---+---|
8 | ♜ | ♞ | ♝ | ♛ | ♚ | ♝ | ♞ | ♜ |
  |---+---+---+---+---+---+---+---|
7 | ♟ | ♟ |   |   | ♟ | ♟ | ♟ | ♟ |
  |---+---+---+---+---+---+---+---|
6 |   |   |   | ♟ |   |   |   |   |
  |---+---+---+---+---+---+---+---|
5 |   |   | ♙ |   |   |   |   |   |
  |---+---+---+---+---+---+---+---|
4 |   |   |   |   |   |   |   |   |
  |---+---+---+---+---+---+---+---|
3 |   |   |   |   |   |   |   |   |
  |---+---+---+---+---+---+---+---|
2 | ♙ | ♙ | ♙ |   | ♙ | ♙ | ♙ | ♙ |
  |---+---+---+---+---+---+---+---|
1 | ♖ | ♘ | ♗ | ♕ | ♔ | ♗ | ♘ | ♖ |
  |---+---+---+---+---+---+---+---|


15:44:53.169 [AWT-EventQueue-0] INFO  de.htwg.se.Chess.aview.Tui - 
Player 1 is at turn

15:44:53.909 [AWT-EventQueue-0] INFO  de.htwg.se.Chess.aview.Tui - 

    A   B   C   D   E   F   G   H
  |---+---+---+---+---+---+---+---|
8 | ♜ | ♞ | ♝ | ♛ | ♚ | ♝ | ♞ | ♜ |
  |---+---+---+---+---+---+---+---|
7 | ♟ | ♟ |   |   | ♟ | ♟ | ♟ | ♟ |
  |---+---+---+---+---+---+---+---|
6 |   |   |   | ♙ |   |   |   |   |
  |---+---+---+---+---+---+---+---|
5 |   |   |   |   |   |   |   |   |
  |---+---+---+---+---+---+---+---|
4 |   |   |   |   |   |   |   |   |
  |---+---+---+---+---+---+---+---|
3 |   |   |   |   |   |   |   |   |
  |---+---+---+---+---+---+---+---|
2 | ♙ | ♙ | ♙ |   | ♙ | ♙ | ♙ | ♙ |
  |---+---+---+---+---+---+---+---|
1 | ♖ | ♘ | ♗ | ♕ | ♔ | ♗ | ♘ | ♖ |
  |---+---+---+---+---+---+---+---|


15:44:53.910 [AWT-EventQueue-0] INFO  de.htwg.se.Chess.aview.Tui - 
Player 2 is at turn

15:44:54.990 [AWT-EventQueue-0] INFO  de.htwg.se.Chess.aview.Tui - 

    A   B   C   D   E   F   G   H
  |---+---+---+---+---+---+---+---|
8 | ♜ | ♞ | ♝ | ♛ | ♚ | ♝ | ♞ | ♜ |
  |---+---+---+---+---+---+---+---|
7 | ♟ | ♟ |   |   |   | ♟ | ♟ | ♟ |
  |---+---+---+---+---+---+---+---|
6 |   |   |   | ♟ |   |   |   |   |
  |---+---+---+---+---+---+---+---|
5 |   |   |   |   |   |   |   |   |
  |---+---+---+---+---+---+---+---|
4 |   |   |   |   |   |   |   |   |
  |---+---+---+---+---+---+---+---|
3 |   |   |   |   |   |   |   |   |
  |---+---+---+---+---+---+---+---|
2 | ♙ | ♙ | ♙ |   | ♙ | ♙ | ♙ | ♙ |
  |---+---+---+---+---+---+---+---|
1 | ♖ | ♘ | ♗ | ♕ | ♔ | ♗ | ♘ | ♖ |
  |---+---+---+---+---+---+---+---|


15:44:54.990 [AWT-EventQueue-0] INFO  de.htwg.se.Chess.aview.Tui - 
Player 1 is at turn
